{
  "C:\\Users\\amaterasu\\Documents\\reactApps\\Modsen Currency Tracker\\src\\components\\Footer\\styled.ts": {
    "path": "C:\\Users\\amaterasu\\Documents\\reactApps\\Modsen Currency Tracker\\src\\components\\Footer\\styled.ts",
    "statementMap": {
      "0": {
        "start": {
          "line": 3,
          "column": 24
        },
        "end": {
          "line": 3,
          "column": 26
        }
      },
      "1": {
        "start": {
          "line": 4,
          "column": 25
        },
        "end": {
          "line": 4,
          "column": 27
        }
      },
      "2": {
        "start": {
          "line": 5,
          "column": 18
        },
        "end": {
          "line": 5,
          "column": 22
        }
      },
      "3": {
        "start": {
          "line": 6,
          "column": 27
        },
        "end": {
          "line": 6,
          "column": 30
        }
      },
      "4": {
        "start": {
          "line": 7,
          "column": 28
        },
        "end": {
          "line": 7,
          "column": 31
        }
      },
      "5": {
        "start": {
          "line": 8,
          "column": 32
        },
        "end": {
          "line": 8,
          "column": 35
        }
      },
      "6": {
        "start": {
          "line": 10,
          "column": 31
        },
        "end": {
          "line": 12,
          "column": 1
        }
      },
      "7": {
        "start": {
          "line": 13,
          "column": 35
        },
        "end": {
          "line": 20,
          "column": 1
        }
      },
      "8": {
        "start": {
          "line": 18,
          "column": 24
        },
        "end": {
          "line": 18,
          "column": 37
        }
      },
      "9": {
        "start": {
          "line": 21,
          "column": 30
        },
        "end": {
          "line": 21,
          "column": 42
        }
      },
      "10": {
        "start": {
          "line": 22,
          "column": 24
        },
        "end": {
          "line": 26,
          "column": 1
        }
      },
      "11": {
        "start": {
          "line": 24,
          "column": 24
        },
        "end": {
          "line": 24,
          "column": 37
        }
      },
      "12": {
        "start": {
          "line": 25,
          "column": 34
        },
        "end": {
          "line": 25,
          "column": 50
        }
      },
      "13": {
        "start": {
          "line": 27,
          "column": 23
        },
        "end": {
          "line": 37,
          "column": 1
        }
      },
      "14": {
        "start": {
          "line": 28,
          "column": 31
        },
        "end": {
          "line": 28,
          "column": 55
        }
      },
      "15": {
        "start": {
          "line": 32,
          "column": 19
        },
        "end": {
          "line": 36,
          "column": 3
        }
      },
      "16": {
        "start": {
          "line": 38,
          "column": 23
        },
        "end": {
          "line": 46,
          "column": 1
        }
      },
      "17": {
        "start": {
          "line": 41,
          "column": 19
        },
        "end": {
          "line": 45,
          "column": 3
        }
      },
      "18": {
        "start": {
          "line": 47,
          "column": 32
        },
        "end": {
          "line": 56,
          "column": 1
        }
      },
      "19": {
        "start": {
          "line": 50,
          "column": 19
        },
        "end": {
          "line": 55,
          "column": 3
        }
      },
      "20": {
        "start": {
          "line": 58,
          "column": 24
        },
        "end": {
          "line": 61,
          "column": 1
        }
      },
      "21": {
        "start": {
          "line": 62,
          "column": 30
        },
        "end": {
          "line": 67,
          "column": 1
        }
      },
      "22": {
        "start": {
          "line": 66,
          "column": 24
        },
        "end": {
          "line": 66,
          "column": 37
        }
      }
    },
    "fnMap": {
      "0": {
        "name": "(anonymous_0)",
        "decl": {
          "start": {
            "line": 18,
            "column": 9
          },
          "end": {
            "line": 18,
            "column": 10
          }
        },
        "loc": {
          "start": {
            "line": 18,
            "column": 24
          },
          "end": {
            "line": 18,
            "column": 37
          }
        },
        "line": 18
      },
      "1": {
        "name": "(anonymous_1)",
        "decl": {
          "start": {
            "line": 24,
            "column": 9
          },
          "end": {
            "line": 24,
            "column": 10
          }
        },
        "loc": {
          "start": {
            "line": 24,
            "column": 24
          },
          "end": {
            "line": 24,
            "column": 37
          }
        },
        "line": 24
      },
      "2": {
        "name": "(anonymous_2)",
        "decl": {
          "start": {
            "line": 25,
            "column": 19
          },
          "end": {
            "line": 25,
            "column": 20
          }
        },
        "loc": {
          "start": {
            "line": 25,
            "column": 34
          },
          "end": {
            "line": 25,
            "column": 50
          }
        },
        "line": 25
      },
      "3": {
        "name": "(anonymous_3)",
        "decl": {
          "start": {
            "line": 28,
            "column": 16
          },
          "end": {
            "line": 28,
            "column": 17
          }
        },
        "loc": {
          "start": {
            "line": 28,
            "column": 31
          },
          "end": {
            "line": 28,
            "column": 55
          }
        },
        "line": 28
      },
      "4": {
        "name": "(anonymous_4)",
        "decl": {
          "start": {
            "line": 32,
            "column": 4
          },
          "end": {
            "line": 32,
            "column": 5
          }
        },
        "loc": {
          "start": {
            "line": 32,
            "column": 19
          },
          "end": {
            "line": 36,
            "column": 3
          }
        },
        "line": 32
      },
      "5": {
        "name": "(anonymous_5)",
        "decl": {
          "start": {
            "line": 41,
            "column": 4
          },
          "end": {
            "line": 41,
            "column": 5
          }
        },
        "loc": {
          "start": {
            "line": 41,
            "column": 19
          },
          "end": {
            "line": 45,
            "column": 3
          }
        },
        "line": 41
      },
      "6": {
        "name": "(anonymous_6)",
        "decl": {
          "start": {
            "line": 50,
            "column": 4
          },
          "end": {
            "line": 50,
            "column": 5
          }
        },
        "loc": {
          "start": {
            "line": 50,
            "column": 19
          },
          "end": {
            "line": 55,
            "column": 3
          }
        },
        "line": 50
      },
      "7": {
        "name": "(anonymous_7)",
        "decl": {
          "start": {
            "line": 66,
            "column": 9
          },
          "end": {
            "line": 66,
            "column": 10
          }
        },
        "loc": {
          "start": {
            "line": 66,
            "column": 24
          },
          "end": {
            "line": 66,
            "column": 37
          }
        },
        "line": 66
      }
    },
    "branchMap": {},
    "s": {
      "0": 4,
      "1": 4,
      "2": 4,
      "3": 4,
      "4": 4,
      "5": 4,
      "6": 4,
      "7": 4,
      "8": 4,
      "9": 4,
      "10": 4,
      "11": 4,
      "12": 4,
      "13": 4,
      "14": 4,
      "15": 4,
      "16": 4,
      "17": 4,
      "18": 4,
      "19": 4,
      "20": 4,
      "21": 4,
      "22": 4
    },
    "f": {
      "0": 4,
      "1": 4,
      "2": 4,
      "3": 4,
      "4": 4,
      "5": 4,
      "6": 4,
      "7": 4
    },
    "b": {},
    "_coverageSchema": "1a1c01bbd47fc00a2c39e90264f33305004495a9",
    "hash": "02521b7f3daffd7ecd1d02c6436f2900ed0d7de2"
  },
  "C:\\Users\\amaterasu\\Documents\\reactApps\\Modsen Currency Tracker\\src\\components\\Footer\\constants.ts": {
    "path": "C:\\Users\\amaterasu\\Documents\\reactApps\\Modsen Currency Tracker\\src\\components\\Footer\\constants.ts",
    "statementMap": {
      "0": {
        "start": {
          "line": 1,
          "column": 26
        },
        "end": {
          "line": 14,
          "column": 1
        }
      }
    },
    "fnMap": {},
    "branchMap": {},
    "s": {
      "0": 4
    },
    "f": {},
    "b": {},
    "_coverageSchema": "1a1c01bbd47fc00a2c39e90264f33305004495a9",
    "hash": "55eb395bc754568500899fba3a0d19d6ec1d13b2"
  },
  "C:\\Users\\amaterasu\\Documents\\reactApps\\Modsen Currency Tracker\\src\\components\\Footer\\LinksSection\\styled.ts": {
    "path": "C:\\Users\\amaterasu\\Documents\\reactApps\\Modsen Currency Tracker\\src\\components\\Footer\\LinksSection\\styled.ts",
    "statementMap": {
      "0": {
        "start": {
          "line": 3,
          "column": 21
        },
        "end": {
          "line": 3,
          "column": 24
        }
      },
      "1": {
        "start": {
          "line": 4,
          "column": 23
        },
        "end": {
          "line": 4,
          "column": 26
        }
      },
      "2": {
        "start": {
          "line": 6,
          "column": 26
        },
        "end": {
          "line": 25,
          "column": 1
        }
      },
      "3": {
        "start": {
          "line": 10,
          "column": 21
        },
        "end": {
          "line": 16,
          "column": 5
        }
      },
      "4": {
        "start": {
          "line": 22,
          "column": 55
        },
        "end": {
          "line": 22,
          "column": 76
        }
      },
      "5": {
        "start": {
          "line": 27,
          "column": 29
        },
        "end": {
          "line": 34,
          "column": 1
        }
      },
      "6": {
        "start": {
          "line": 28,
          "column": 19
        },
        "end": {
          "line": 33,
          "column": 3
        }
      }
    },
    "fnMap": {
      "0": {
        "name": "(anonymous_0)",
        "decl": {
          "start": {
            "line": 10,
            "column": 6
          },
          "end": {
            "line": 10,
            "column": 7
          }
        },
        "loc": {
          "start": {
            "line": 10,
            "column": 21
          },
          "end": {
            "line": 16,
            "column": 5
          }
        },
        "line": 10
      },
      "1": {
        "name": "(anonymous_1)",
        "decl": {
          "start": {
            "line": 22,
            "column": 40
          },
          "end": {
            "line": 22,
            "column": 41
          }
        },
        "loc": {
          "start": {
            "line": 22,
            "column": 55
          },
          "end": {
            "line": 22,
            "column": 76
          }
        },
        "line": 22
      },
      "2": {
        "name": "(anonymous_2)",
        "decl": {
          "start": {
            "line": 28,
            "column": 4
          },
          "end": {
            "line": 28,
            "column": 5
          }
        },
        "loc": {
          "start": {
            "line": 28,
            "column": 19
          },
          "end": {
            "line": 33,
            "column": 3
          }
        },
        "line": 28
      }
    },
    "branchMap": {},
    "s": {
      "0": 4,
      "1": 4,
      "2": 4,
      "3": 12,
      "4": 12,
      "5": 4,
      "6": 12
    },
    "f": {
      "0": 12,
      "1": 12,
      "2": 12
    },
    "b": {},
    "_coverageSchema": "1a1c01bbd47fc00a2c39e90264f33305004495a9",
    "hash": "001adf3a3d9abcfe8cbd8a835ed524e0ea547937"
  },
  "C:\\Users\\amaterasu\\Documents\\reactApps\\Modsen Currency Tracker\\src\\components\\Footer\\LinksSection\\index.tsx": {
    "path": "C:\\Users\\amaterasu\\Documents\\reactApps\\Modsen Currency Tracker\\src\\components\\Footer\\LinksSection\\index.tsx",
    "statementMap": {
      "0": {
        "start": {
          "line": 7,
          "column": 44
        },
        "end": {
          "line": 18,
          "column": 1
        }
      },
      "1": {
        "start": {
          "line": 8,
          "column": 2
        },
        "end": {
          "line": 17,
          "column": 3
        }
      },
      "2": {
        "start": {
          "line": 12,
          "column": 8
        },
        "end": {
          "line": 14,
          "column": 15
        }
      }
    },
    "fnMap": {
      "0": {
        "name": "(anonymous_0)",
        "decl": {
          "start": {
            "line": 7,
            "column": 44
          },
          "end": {
            "line": 7,
            "column": 45
          }
        },
        "loc": {
          "start": {
            "line": 7,
            "column": 74
          },
          "end": {
            "line": 18,
            "column": 1
          }
        },
        "line": 7
      },
      "1": {
        "name": "(anonymous_1)",
        "decl": {
          "start": {
            "line": 11,
            "column": 22
          },
          "end": {
            "line": 11,
            "column": 23
          }
        },
        "loc": {
          "start": {
            "line": 12,
            "column": 8
          },
          "end": {
            "line": 14,
            "column": 15
          }
        },
        "line": 12
      }
    },
    "branchMap": {},
    "s": {
      "0": 4,
      "1": 12,
      "2": 24
    },
    "f": {
      "0": 12,
      "1": 24
    },
    "b": {},
    "_coverageSchema": "1a1c01bbd47fc00a2c39e90264f33305004495a9",
    "hash": "6158927efb82203761c6579f3240703be8f80823"
  },
  "C:\\Users\\amaterasu\\Documents\\reactApps\\Modsen Currency Tracker\\src\\components\\Footer\\index.tsx": {
    "path": "C:\\Users\\amaterasu\\Documents\\reactApps\\Modsen Currency Tracker\\src\\components\\Footer\\index.tsx",
    "statementMap": {
      "0": {
        "start": {
          "line": 18,
          "column": 22
        },
        "end": {
          "line": 49,
          "column": 1
        }
      },
      "1": {
        "start": {
          "line": 19,
          "column": 2
        },
        "end": {
          "line": 48,
          "column": 3
        }
      },
      "2": {
        "start": {
          "line": 36,
          "column": 12
        },
        "end": {
          "line": 40,
          "column": 14
        }
      }
    },
    "fnMap": {
      "0": {
        "name": "(anonymous_0)",
        "decl": {
          "start": {
            "line": 18,
            "column": 22
          },
          "end": {
            "line": 18,
            "column": 23
          }
        },
        "loc": {
          "start": {
            "line": 18,
            "column": 28
          },
          "end": {
            "line": 49,
            "column": 1
          }
        },
        "line": 18
      },
      "1": {
        "name": "(anonymous_1)",
        "decl": {
          "start": {
            "line": 35,
            "column": 26
          },
          "end": {
            "line": 35,
            "column": 27
          }
        },
        "loc": {
          "start": {
            "line": 36,
            "column": 12
          },
          "end": {
            "line": 40,
            "column": 14
          }
        },
        "line": 36
      }
    },
    "branchMap": {},
    "s": {
      "0": 4,
      "1": 4,
      "2": 12
    },
    "f": {
      "0": 4,
      "1": 12
    },
    "b": {},
    "_coverageSchema": "1a1c01bbd47fc00a2c39e90264f33305004495a9",
    "hash": "d2c3feb877ab61b0b3f7331675379cdb75fd1e54"
  },
  "C:\\Users\\amaterasu\\Documents\\reactApps\\Modsen Currency Tracker\\src\\components\\Header\\NavBar\\constants.ts": {
    "path": "C:\\Users\\amaterasu\\Documents\\reactApps\\Modsen Currency Tracker\\src\\components\\Header\\NavBar\\constants.ts",
    "statementMap": {
      "0": {
        "start": {
          "line": 1,
          "column": 21
        },
        "end": {
          "line": 6,
          "column": 1
        }
      }
    },
    "fnMap": {},
    "branchMap": {},
    "s": {
      "0": 4
    },
    "f": {},
    "b": {},
    "_coverageSchema": "1a1c01bbd47fc00a2c39e90264f33305004495a9",
    "hash": "dc2db77b86e766f135e043173158eb9713cdbd15"
  },
  "C:\\Users\\amaterasu\\Documents\\reactApps\\Modsen Currency Tracker\\src\\components\\Header\\NavBar\\styled.ts": {
    "path": "C:\\Users\\amaterasu\\Documents\\reactApps\\Modsen Currency Tracker\\src\\components\\Header\\NavBar\\styled.ts",
    "statementMap": {
      "0": {
        "start": {
          "line": 3,
          "column": 28
        },
        "end": {
          "line": 3,
          "column": 31
        }
      },
      "1": {
        "start": {
          "line": 5,
          "column": 28
        },
        "end": {
          "line": 13,
          "column": 1
        }
      },
      "2": {
        "start": {
          "line": 7,
          "column": 19
        },
        "end": {
          "line": 12,
          "column": 3
        }
      },
      "3": {
        "start": {
          "line": 14,
          "column": 26
        },
        "end": {
          "line": 21,
          "column": 1
        }
      },
      "4": {
        "start": {
          "line": 19,
          "column": 52
        },
        "end": {
          "line": 19,
          "column": 64
        }
      }
    },
    "fnMap": {
      "0": {
        "name": "(anonymous_0)",
        "decl": {
          "start": {
            "line": 7,
            "column": 4
          },
          "end": {
            "line": 7,
            "column": 5
          }
        },
        "loc": {
          "start": {
            "line": 7,
            "column": 19
          },
          "end": {
            "line": 12,
            "column": 3
          }
        },
        "line": 7
      },
      "1": {
        "name": "(anonymous_1)",
        "decl": {
          "start": {
            "line": 19,
            "column": 37
          },
          "end": {
            "line": 19,
            "column": 38
          }
        },
        "loc": {
          "start": {
            "line": 19,
            "column": 52
          },
          "end": {
            "line": 19,
            "column": 64
          }
        },
        "line": 19
      }
    },
    "branchMap": {},
    "s": {
      "0": 4,
      "1": 4,
      "2": 4,
      "3": 4,
      "4": 16
    },
    "f": {
      "0": 4,
      "1": 16
    },
    "b": {},
    "_coverageSchema": "1a1c01bbd47fc00a2c39e90264f33305004495a9",
    "hash": "a3e9842ef0b9964cd8d2e35175a5681b1434c347"
  },
  "C:\\Users\\amaterasu\\Documents\\reactApps\\Modsen Currency Tracker\\src\\components\\Header\\NavBar\\index.tsx": {
    "path": "C:\\Users\\amaterasu\\Documents\\reactApps\\Modsen Currency Tracker\\src\\components\\Header\\NavBar\\index.tsx",
    "statementMap": {
      "0": {
        "start": {
          "line": 7,
          "column": 26
        },
        "end": {
          "line": 17,
          "column": 1
        }
      },
      "1": {
        "start": {
          "line": 8,
          "column": 2
        },
        "end": {
          "line": 16,
          "column": 3
        }
      },
      "2": {
        "start": {
          "line": 11,
          "column": 8
        },
        "end": {
          "line": 13,
          "column": 21
        }
      }
    },
    "fnMap": {
      "0": {
        "name": "(anonymous_0)",
        "decl": {
          "start": {
            "line": 7,
            "column": 26
          },
          "end": {
            "line": 7,
            "column": 27
          }
        },
        "loc": {
          "start": {
            "line": 7,
            "column": 32
          },
          "end": {
            "line": 17,
            "column": 1
          }
        },
        "line": 7
      },
      "1": {
        "name": "(anonymous_1)",
        "decl": {
          "start": {
            "line": 10,
            "column": 17
          },
          "end": {
            "line": 10,
            "column": 18
          }
        },
        "loc": {
          "start": {
            "line": 11,
            "column": 8
          },
          "end": {
            "line": 13,
            "column": 21
          }
        },
        "line": 11
      }
    },
    "branchMap": {},
    "s": {
      "0": 4,
      "1": 4,
      "2": 16
    },
    "f": {
      "0": 4,
      "1": 16
    },
    "b": {},
    "_coverageSchema": "1a1c01bbd47fc00a2c39e90264f33305004495a9",
    "hash": "ffdc0233069a5a0c33e8f9a771fe37e128e91497"
  },
  "C:\\Users\\amaterasu\\Documents\\reactApps\\Modsen Currency Tracker\\src\\components\\Header\\Poster\\styled.ts": {
    "path": "C:\\Users\\amaterasu\\Documents\\reactApps\\Modsen Currency Tracker\\src\\components\\Header\\Poster\\styled.ts",
    "statementMap": {
      "0": {
        "start": {
          "line": 3,
          "column": 28
        },
        "end": {
          "line": 3,
          "column": 31
        }
      },
      "1": {
        "start": {
          "line": 4,
          "column": 28
        },
        "end": {
          "line": 4,
          "column": 31
        }
      },
      "2": {
        "start": {
          "line": 5,
          "column": 24
        },
        "end": {
          "line": 5,
          "column": 26
        }
      },
      "3": {
        "start": {
          "line": 6,
          "column": 14
        },
        "end": {
          "line": 6,
          "column": 18
        }
      },
      "4": {
        "start": {
          "line": 7,
          "column": 20
        },
        "end": {
          "line": 7,
          "column": 23
        }
      },
      "5": {
        "start": {
          "line": 8,
          "column": 21
        },
        "end": {
          "line": 8,
          "column": 24
        }
      },
      "6": {
        "start": {
          "line": 10,
          "column": 29
        },
        "end": {
          "line": 20,
          "column": 1
        }
      },
      "7": {
        "start": {
          "line": 14,
          "column": 19
        },
        "end": {
          "line": 19,
          "column": 3
        }
      },
      "8": {
        "start": {
          "line": 22,
          "column": 31
        },
        "end": {
          "line": 32,
          "column": 1
        }
      },
      "9": {
        "start": {
          "line": 27,
          "column": 24
        },
        "end": {
          "line": 27,
          "column": 37
        }
      },
      "10": {
        "start": {
          "line": 33,
          "column": 24
        },
        "end": {
          "line": 44,
          "column": 1
        }
      },
      "11": {
        "start": {
          "line": 37,
          "column": 19
        },
        "end": {
          "line": 43,
          "column": 3
        }
      },
      "12": {
        "start": {
          "line": 45,
          "column": 29
        },
        "end": {
          "line": 49,
          "column": 1
        }
      },
      "13": {
        "start": {
          "line": 50,
          "column": 23
        },
        "end": {
          "line": 53,
          "column": 1
        }
      },
      "14": {
        "start": {
          "line": 55,
          "column": 28
        },
        "end": {
          "line": 60,
          "column": 1
        }
      },
      "15": {
        "start": {
          "line": 56,
          "column": 19
        },
        "end": {
          "line": 59,
          "column": 3
        }
      },
      "16": {
        "start": {
          "line": 61,
          "column": 27
        },
        "end": {
          "line": 72,
          "column": 1
        }
      },
      "17": {
        "start": {
          "line": 66,
          "column": 19
        },
        "end": {
          "line": 71,
          "column": 3
        }
      }
    },
    "fnMap": {
      "0": {
        "name": "(anonymous_0)",
        "decl": {
          "start": {
            "line": 14,
            "column": 4
          },
          "end": {
            "line": 14,
            "column": 5
          }
        },
        "loc": {
          "start": {
            "line": 14,
            "column": 19
          },
          "end": {
            "line": 19,
            "column": 3
          }
        },
        "line": 14
      },
      "1": {
        "name": "(anonymous_1)",
        "decl": {
          "start": {
            "line": 27,
            "column": 9
          },
          "end": {
            "line": 27,
            "column": 10
          }
        },
        "loc": {
          "start": {
            "line": 27,
            "column": 24
          },
          "end": {
            "line": 27,
            "column": 37
          }
        },
        "line": 27
      },
      "2": {
        "name": "(anonymous_2)",
        "decl": {
          "start": {
            "line": 37,
            "column": 4
          },
          "end": {
            "line": 37,
            "column": 5
          }
        },
        "loc": {
          "start": {
            "line": 37,
            "column": 19
          },
          "end": {
            "line": 43,
            "column": 3
          }
        },
        "line": 37
      },
      "3": {
        "name": "(anonymous_3)",
        "decl": {
          "start": {
            "line": 56,
            "column": 4
          },
          "end": {
            "line": 56,
            "column": 5
          }
        },
        "loc": {
          "start": {
            "line": 56,
            "column": 19
          },
          "end": {
            "line": 59,
            "column": 3
          }
        },
        "line": 56
      },
      "4": {
        "name": "(anonymous_4)",
        "decl": {
          "start": {
            "line": 66,
            "column": 4
          },
          "end": {
            "line": 66,
            "column": 5
          }
        },
        "loc": {
          "start": {
            "line": 66,
            "column": 19
          },
          "end": {
            "line": 71,
            "column": 3
          }
        },
        "line": 66
      }
    },
    "branchMap": {},
    "s": {
      "0": 4,
      "1": 4,
      "2": 4,
      "3": 4,
      "4": 4,
      "5": 4,
      "6": 4,
      "7": 4,
      "8": 4,
      "9": 4,
      "10": 4,
      "11": 4,
      "12": 4,
      "13": 4,
      "14": 4,
      "15": 4,
      "16": 4,
      "17": 4
    },
    "f": {
      "0": 4,
      "1": 4,
      "2": 4,
      "3": 4,
      "4": 4
    },
    "b": {},
    "_coverageSchema": "1a1c01bbd47fc00a2c39e90264f33305004495a9",
    "hash": "ed769addb76b6f5142ee80c0ffc436ac0145ce56"
  },
  "C:\\Users\\amaterasu\\Documents\\reactApps\\Modsen Currency Tracker\\src\\components\\Header\\Poster\\index.tsx": {
    "path": "C:\\Users\\amaterasu\\Documents\\reactApps\\Modsen Currency Tracker\\src\\components\\Header\\Poster\\index.tsx",
    "statementMap": {
      "0": {
        "start": {
          "line": 12,
          "column": 22
        },
        "end": {
          "line": 28,
          "column": 1
        }
      },
      "1": {
        "start": {
          "line": 13,
          "column": 2
        },
        "end": {
          "line": 27,
          "column": 3
        }
      }
    },
    "fnMap": {
      "0": {
        "name": "(anonymous_0)",
        "decl": {
          "start": {
            "line": 12,
            "column": 22
          },
          "end": {
            "line": 12,
            "column": 23
          }
        },
        "loc": {
          "start": {
            "line": 12,
            "column": 28
          },
          "end": {
            "line": 28,
            "column": 1
          }
        },
        "line": 12
      }
    },
    "branchMap": {},
    "s": {
      "0": 4,
      "1": 4
    },
    "f": {
      "0": 4
    },
    "b": {},
    "_coverageSchema": "1a1c01bbd47fc00a2c39e90264f33305004495a9",
    "hash": "7da4b2a30ef1be9f79220d98b27e48b28f28e2e4"
  },
  "C:\\Users\\amaterasu\\Documents\\reactApps\\Modsen Currency Tracker\\src\\components\\Header\\styles.ts": {
    "path": "C:\\Users\\amaterasu\\Documents\\reactApps\\Modsen Currency Tracker\\src\\components\\Header\\styles.ts",
    "statementMap": {
      "0": {
        "start": {
          "line": 3,
          "column": 14
        },
        "end": {
          "line": 3,
          "column": 18
        }
      },
      "1": {
        "start": {
          "line": 4,
          "column": 19
        },
        "end": {
          "line": 4,
          "column": 21
        }
      },
      "2": {
        "start": {
          "line": 5,
          "column": 20
        },
        "end": {
          "line": 5,
          "column": 22
        }
      },
      "3": {
        "start": {
          "line": 7,
          "column": 20
        },
        "end": {
          "line": 10,
          "column": 1
        }
      },
      "4": {
        "start": {
          "line": 11,
          "column": 31
        },
        "end": {
          "line": 16,
          "column": 1
        }
      },
      "5": {
        "start": {
          "line": 17,
          "column": 30
        },
        "end": {
          "line": 28,
          "column": 1
        }
      },
      "6": {
        "start": {
          "line": 24,
          "column": 28
        },
        "end": {
          "line": 24,
          "column": 45
        }
      },
      "7": {
        "start": {
          "line": 25,
          "column": 21
        },
        "end": {
          "line": 25,
          "column": 38
        }
      }
    },
    "fnMap": {
      "0": {
        "name": "(anonymous_0)",
        "decl": {
          "start": {
            "line": 24,
            "column": 13
          },
          "end": {
            "line": 24,
            "column": 14
          }
        },
        "loc": {
          "start": {
            "line": 24,
            "column": 28
          },
          "end": {
            "line": 24,
            "column": 45
          }
        },
        "line": 24
      },
      "1": {
        "name": "(anonymous_1)",
        "decl": {
          "start": {
            "line": 25,
            "column": 6
          },
          "end": {
            "line": 25,
            "column": 7
          }
        },
        "loc": {
          "start": {
            "line": 25,
            "column": 21
          },
          "end": {
            "line": 25,
            "column": 38
          }
        },
        "line": 25
      }
    },
    "branchMap": {},
    "s": {
      "0": 4,
      "1": 4,
      "2": 4,
      "3": 4,
      "4": 4,
      "5": 4,
      "6": 4,
      "7": 4
    },
    "f": {
      "0": 4,
      "1": 4
    },
    "b": {},
    "_coverageSchema": "1a1c01bbd47fc00a2c39e90264f33305004495a9",
    "hash": "18f9e8ccdca56e5128467e7a23df2284058b6f03"
  },
  "C:\\Users\\amaterasu\\Documents\\reactApps\\Modsen Currency Tracker\\src\\constants\\index.ts": {
    "path": "C:\\Users\\amaterasu\\Documents\\reactApps\\Modsen Currency Tracker\\src\\constants\\index.ts",
    "statementMap": {
      "0": {
        "start": {
          "line": 22,
          "column": 20
        },
        "end": {
          "line": 22,
          "column": 26
        }
      },
      "1": {
        "start": {
          "line": 23,
          "column": 21
        },
        "end": {
          "line": 23,
          "column": 28
        }
      },
      "2": {
        "start": {
          "line": 24,
          "column": 33
        },
        "end": {
          "line": 24,
          "column": 38
        }
      },
      "3": {
        "start": {
          "line": 26,
          "column": 35
        },
        "end": {
          "line": 68,
          "column": 1
        }
      },
      "4": {
        "start": {
          "line": 70,
          "column": 35
        },
        "end": {
          "line": 80,
          "column": 1
        }
      },
      "5": {
        "start": {
          "line": 92,
          "column": 43
        },
        "end": {
          "line": 102,
          "column": 1
        }
      },
      "6": {
        "start": {
          "line": 104,
          "column": 62
        },
        "end": {
          "line": 116,
          "column": 1
        }
      },
      "7": {
        "start": {
          "line": 118,
          "column": 31
        },
        "end": {
          "line": 121,
          "column": 1
        }
      },
      "8": {
        "start": {
          "line": 122,
          "column": 30
        },
        "end": {
          "line": 122,
          "column": 32
        }
      },
      "9": {
        "start": {
          "line": 124,
          "column": 34
        },
        "end": {
          "line": 161,
          "column": 1
        }
      },
      "10": {
        "start": {
          "line": 163,
          "column": 52
        },
        "end": {
          "line": 404,
          "column": 1
        }
      }
    },
    "fnMap": {},
    "branchMap": {},
    "s": {
      "0": 4,
      "1": 4,
      "2": 4,
      "3": 4,
      "4": 4,
      "5": 4,
      "6": 4,
      "7": 4,
      "8": 4,
      "9": 4,
      "10": 4
    },
    "f": {},
    "b": {},
    "_coverageSchema": "1a1c01bbd47fc00a2c39e90264f33305004495a9",
    "hash": "7b746cae9cd01bf8184acec9bb61db549816bb3e"
  },
  "C:\\Users\\amaterasu\\Documents\\reactApps\\Modsen Currency Tracker\\src\\store\\slices\\themeSlice.ts": {
    "path": "C:\\Users\\amaterasu\\Documents\\reactApps\\Modsen Currency Tracker\\src\\store\\slices\\themeSlice.ts",
    "statementMap": {
      "0": {
        "start": {
          "line": 5,
          "column": 40
        },
        "end": {
          "line": 7,
          "column": 1
        }
      },
      "1": {
        "start": {
          "line": 9,
          "column": 19
        },
        "end": {
          "line": 17,
          "column": 2
        }
      },
      "2": {
        "start": {
          "line": 14,
          "column": 6
        },
        "end": {
          "line": 14,
          "column": 33
        }
      },
      "3": {
        "start": {
          "line": 20,
          "column": 28
        },
        "end": {
          "line": 20,
          "column": 46
        }
      }
    },
    "fnMap": {
      "0": {
        "name": "(anonymous_0)",
        "decl": {
          "start": {
            "line": 13,
            "column": 14
          },
          "end": {
            "line": 13,
            "column": 15
          }
        },
        "loc": {
          "start": {
            "line": 13,
            "column": 33
          },
          "end": {
            "line": 15,
            "column": 5
          }
        },
        "line": 13
      }
    },
    "branchMap": {},
    "s": {
      "0": 4,
      "1": 4,
      "2": 0,
      "3": 4
    },
    "f": {
      "0": 0
    },
    "b": {},
    "_coverageSchema": "1a1c01bbd47fc00a2c39e90264f33305004495a9",
    "hash": "582da09fd47b8204e927e2a457ef0e68dcdabbd8"
  },
  "C:\\Users\\amaterasu\\Documents\\reactApps\\Modsen Currency Tracker\\src\\store\\hooks\\index.ts": {
    "path": "C:\\Users\\amaterasu\\Documents\\reactApps\\Modsen Currency Tracker\\src\\store\\hooks\\index.ts",
    "statementMap": {
      "0": {
        "start": {
          "line": 5,
          "column": 49
        },
        "end": {
          "line": 5,
          "column": 60
        }
      },
      "1": {
        "start": {
          "line": 6,
          "column": 63
        },
        "end": {
          "line": 6,
          "column": 74
        }
      }
    },
    "fnMap": {},
    "branchMap": {},
    "s": {
      "0": 4,
      "1": 4
    },
    "f": {},
    "b": {},
    "_coverageSchema": "1a1c01bbd47fc00a2c39e90264f33305004495a9",
    "hash": "17b4008c86223a7bcf3c63b6cbfcc76bdf34a594"
  },
  "C:\\Users\\amaterasu\\Documents\\reactApps\\Modsen Currency Tracker\\src\\store\\selectors\\theme.ts": {
    "path": "C:\\Users\\amaterasu\\Documents\\reactApps\\Modsen Currency Tracker\\src\\store\\selectors\\theme.ts",
    "statementMap": {
      "0": {
        "start": {
          "line": 3,
          "column": 31
        },
        "end": {
          "line": 3,
          "column": 69
        }
      },
      "1": {
        "start": {
          "line": 3,
          "column": 53
        },
        "end": {
          "line": 3,
          "column": 69
        }
      }
    },
    "fnMap": {
      "0": {
        "name": "(anonymous_0)",
        "decl": {
          "start": {
            "line": 3,
            "column": 31
          },
          "end": {
            "line": 3,
            "column": 32
          }
        },
        "loc": {
          "start": {
            "line": 3,
            "column": 53
          },
          "end": {
            "line": 3,
            "column": 69
          }
        },
        "line": 3
      }
    },
    "branchMap": {},
    "s": {
      "0": 4,
      "1": 38
    },
    "f": {
      "0": 38
    },
    "b": {},
    "_coverageSchema": "1a1c01bbd47fc00a2c39e90264f33305004495a9",
    "hash": "5637efa6eea2259a09bb12adb88cfa7981b04173"
  },
  "C:\\Users\\amaterasu\\Documents\\reactApps\\Modsen Currency Tracker\\src\\store\\selectors\\index.ts": {
    "path": "C:\\Users\\amaterasu\\Documents\\reactApps\\Modsen Currency Tracker\\src\\store\\selectors\\index.ts",
    "statementMap": {},
    "fnMap": {},
    "branchMap": {},
    "s": {},
    "f": {},
    "b": {},
    "_coverageSchema": "1a1c01bbd47fc00a2c39e90264f33305004495a9",
    "hash": "d60e6d7677d82fe4674ce113eca300a89a48f182"
  },
  "C:\\Users\\amaterasu\\Documents\\reactApps\\Modsen Currency Tracker\\src\\components\\Header\\ThemeButton\\styled.ts": {
    "path": "C:\\Users\\amaterasu\\Documents\\reactApps\\Modsen Currency Tracker\\src\\components\\Header\\ThemeButton\\styled.ts",
    "statementMap": {
      "0": {
        "start": {
          "line": 3,
          "column": 24
        },
        "end": {
          "line": 3,
          "column": 26
        }
      },
      "1": {
        "start": {
          "line": 4,
          "column": 27
        },
        "end": {
          "line": 4,
          "column": 29
        }
      },
      "2": {
        "start": {
          "line": 5,
          "column": 22
        },
        "end": {
          "line": 5,
          "column": 24
        }
      },
      "3": {
        "start": {
          "line": 6,
          "column": 18
        },
        "end": {
          "line": 6,
          "column": 21
        }
      },
      "4": {
        "start": {
          "line": 7,
          "column": 21
        },
        "end": {
          "line": 7,
          "column": 23
        }
      },
      "5": {
        "start": {
          "line": 8,
          "column": 21
        },
        "end": {
          "line": 8,
          "column": 23
        }
      },
      "6": {
        "start": {
          "line": 10,
          "column": 22
        },
        "end": {
          "line": 14,
          "column": 1
        }
      },
      "7": {
        "start": {
          "line": 15,
          "column": 24
        },
        "end": {
          "line": 26,
          "column": 1
        }
      },
      "8": {
        "start": {
          "line": 20,
          "column": 39
        },
        "end": {
          "line": 20,
          "column": 49
        }
      },
      "9": {
        "start": {
          "line": 27,
          "column": 22
        },
        "end": {
          "line": 49,
          "column": 1
        }
      },
      "10": {
        "start": {
          "line": 36,
          "column": 37
        },
        "end": {
          "line": 36,
          "column": 47
        }
      },
      "11": {
        "start": {
          "line": 37,
          "column": 37
        },
        "end": {
          "line": 37,
          "column": 60
        }
      },
      "12": {
        "start": {
          "line": 45,
          "column": 39
        },
        "end": {
          "line": 45,
          "column": 62
        }
      }
    },
    "fnMap": {
      "0": {
        "name": "(anonymous_0)",
        "decl": {
          "start": {
            "line": 20,
            "column": 24
          },
          "end": {
            "line": 20,
            "column": 25
          }
        },
        "loc": {
          "start": {
            "line": 20,
            "column": 39
          },
          "end": {
            "line": 20,
            "column": 49
          }
        },
        "line": 20
      },
      "1": {
        "name": "(anonymous_1)",
        "decl": {
          "start": {
            "line": 36,
            "column": 22
          },
          "end": {
            "line": 36,
            "column": 23
          }
        },
        "loc": {
          "start": {
            "line": 36,
            "column": 37
          },
          "end": {
            "line": 36,
            "column": 47
          }
        },
        "line": 36
      },
      "2": {
        "name": "(anonymous_2)",
        "decl": {
          "start": {
            "line": 37,
            "column": 22
          },
          "end": {
            "line": 37,
            "column": 23
          }
        },
        "loc": {
          "start": {
            "line": 37,
            "column": 37
          },
          "end": {
            "line": 37,
            "column": 60
          }
        },
        "line": 37
      },
      "3": {
        "name": "(anonymous_3)",
        "decl": {
          "start": {
            "line": 45,
            "column": 24
          },
          "end": {
            "line": 45,
            "column": 25
          }
        },
        "loc": {
          "start": {
            "line": 45,
            "column": 39
          },
          "end": {
            "line": 45,
            "column": 62
          }
        },
        "line": 45
      }
    },
    "branchMap": {},
    "s": {
      "0": 4,
      "1": 4,
      "2": 4,
      "3": 4,
      "4": 4,
      "5": 4,
      "6": 4,
      "7": 4,
      "8": 4,
      "9": 4,
      "10": 4,
      "11": 4,
      "12": 4
    },
    "f": {
      "0": 4,
      "1": 4,
      "2": 4,
      "3": 4
    },
    "b": {},
    "_coverageSchema": "1a1c01bbd47fc00a2c39e90264f33305004495a9",
    "hash": "9e5687a06ae50e18902556ad4dfee88c6ff138af"
  },
  "C:\\Users\\amaterasu\\Documents\\reactApps\\Modsen Currency Tracker\\src\\components\\Header\\ThemeButton\\index.tsx": {
    "path": "C:\\Users\\amaterasu\\Documents\\reactApps\\Modsen Currency Tracker\\src\\components\\Header\\ThemeButton\\index.tsx",
    "statementMap": {
      "0": {
        "start": {
          "line": 10,
          "column": 31
        },
        "end": {
          "line": 26,
          "column": 1
        }
      },
      "1": {
        "start": {
          "line": 11,
          "column": 16
        },
        "end": {
          "line": 11,
          "column": 47
        }
      },
      "2": {
        "start": {
          "line": 12,
          "column": 19
        },
        "end": {
          "line": 12,
          "column": 35
        }
      },
      "3": {
        "start": {
          "line": 14,
          "column": 32
        },
        "end": {
          "line": 14,
          "column": 57
        }
      },
      "4": {
        "start": {
          "line": 15,
          "column": 23
        },
        "end": {
          "line": 18,
          "column": 3
        }
      },
      "5": {
        "start": {
          "line": 16,
          "column": 4
        },
        "end": {
          "line": 16,
          "column": 46
        }
      },
      "6": {
        "start": {
          "line": 17,
          "column": 4
        },
        "end": {
          "line": 17,
          "column": 31
        }
      },
      "7": {
        "start": {
          "line": 17,
          "column": 25
        },
        "end": {
          "line": 17,
          "column": 30
        }
      },
      "8": {
        "start": {
          "line": 20,
          "column": 2
        },
        "end": {
          "line": 25,
          "column": 3
        }
      }
    },
    "fnMap": {
      "0": {
        "name": "(anonymous_0)",
        "decl": {
          "start": {
            "line": 10,
            "column": 31
          },
          "end": {
            "line": 10,
            "column": 32
          }
        },
        "loc": {
          "start": {
            "line": 10,
            "column": 37
          },
          "end": {
            "line": 26,
            "column": 1
          }
        },
        "line": 10
      },
      "1": {
        "name": "(anonymous_1)",
        "decl": {
          "start": {
            "line": 15,
            "column": 23
          },
          "end": {
            "line": 15,
            "column": 24
          }
        },
        "loc": {
          "start": {
            "line": 15,
            "column": 29
          },
          "end": {
            "line": 18,
            "column": 3
          }
        },
        "line": 15
      },
      "2": {
        "name": "(anonymous_2)",
        "decl": {
          "start": {
            "line": 17,
            "column": 15
          },
          "end": {
            "line": 17,
            "column": 16
          }
        },
        "loc": {
          "start": {
            "line": 17,
            "column": 25
          },
          "end": {
            "line": 17,
            "column": 30
          }
        },
        "line": 17
      }
    },
    "branchMap": {
      "0": {
        "loc": {
          "start": {
            "line": 16,
            "column": 22
          },
          "end": {
            "line": 16,
            "column": 44
          }
        },
        "type": "cond-expr",
        "locations": [
          {
            "start": {
              "line": 16,
              "column": 32
            },
            "end": {
              "line": 16,
              "column": 36
            }
          },
          {
            "start": {
              "line": 16,
              "column": 39
            },
            "end": {
              "line": 16,
              "column": 44
            }
          }
        ],
        "line": 16
      }
    },
    "s": {
      "0": 4,
      "1": 4,
      "2": 4,
      "3": 4,
      "4": 4,
      "5": 0,
      "6": 0,
      "7": 0,
      "8": 4
    },
    "f": {
      "0": 4,
      "1": 0,
      "2": 0
    },
    "b": {
      "0": [
        0,
        0
      ]
    },
    "_coverageSchema": "1a1c01bbd47fc00a2c39e90264f33305004495a9",
    "hash": "e1fde0667ab0f8d9ad7f05b01d4fc1bdb9d0cfa9"
  },
  "C:\\Users\\amaterasu\\Documents\\reactApps\\Modsen Currency Tracker\\src\\store\\selectors\\currencies.ts": {
    "path": "C:\\Users\\amaterasu\\Documents\\reactApps\\Modsen Currency Tracker\\src\\store\\selectors\\currencies.ts",
    "statementMap": {
      "0": {
        "start": {
          "line": 3,
          "column": 26
        },
        "end": {
          "line": 3,
          "column": 79
        }
      },
      "1": {
        "start": {
          "line": 3,
          "column": 48
        },
        "end": {
          "line": 3,
          "column": 79
        }
      },
      "2": {
        "start": {
          "line": 5,
          "column": 2
        },
        "end": {
          "line": 6,
          "column": 58
        }
      },
      "3": {
        "start": {
          "line": 5,
          "column": 33
        },
        "end": {
          "line": 6,
          "column": 58
        }
      },
      "4": {
        "start": {
          "line": 6,
          "column": 4
        },
        "end": {
          "line": 6,
          "column": 58
        }
      },
      "5": {
        "start": {
          "line": 7,
          "column": 29
        },
        "end": {
          "line": 8,
          "column": 32
        }
      },
      "6": {
        "start": {
          "line": 8,
          "column": 2
        },
        "end": {
          "line": 8,
          "column": 32
        }
      }
    },
    "fnMap": {
      "0": {
        "name": "(anonymous_0)",
        "decl": {
          "start": {
            "line": 3,
            "column": 26
          },
          "end": {
            "line": 3,
            "column": 27
          }
        },
        "loc": {
          "start": {
            "line": 3,
            "column": 48
          },
          "end": {
            "line": 3,
            "column": 79
          }
        },
        "line": 3
      },
      "1": {
        "name": "(anonymous_1)",
        "decl": {
          "start": {
            "line": 5,
            "column": 2
          },
          "end": {
            "line": 5,
            "column": 3
          }
        },
        "loc": {
          "start": {
            "line": 5,
            "column": 33
          },
          "end": {
            "line": 6,
            "column": 58
          }
        },
        "line": 5
      },
      "2": {
        "name": "(anonymous_2)",
        "decl": {
          "start": {
            "line": 5,
            "column": 33
          },
          "end": {
            "line": 5,
            "column": 34
          }
        },
        "loc": {
          "start": {
            "line": 6,
            "column": 4
          },
          "end": {
            "line": 6,
            "column": 58
          }
        },
        "line": 6
      },
      "3": {
        "name": "(anonymous_3)",
        "decl": {
          "start": {
            "line": 7,
            "column": 29
          },
          "end": {
            "line": 7,
            "column": 30
          }
        },
        "loc": {
          "start": {
            "line": 8,
            "column": 2
          },
          "end": {
            "line": 8,
            "column": 32
          }
        },
        "line": 8
      }
    },
    "branchMap": {},
    "s": {
      "0": 4,
      "1": 15,
      "2": 4,
      "3": 4,
      "4": 8,
      "5": 4,
      "6": 15
    },
    "f": {
      "0": 15,
      "1": 4,
      "2": 8,
      "3": 15
    },
    "b": {},
    "_coverageSchema": "1a1c01bbd47fc00a2c39e90264f33305004495a9",
    "hash": "4612bd366acaf6468fa68f67af4ebb648f64d2ec"
  },
  "C:\\Users\\amaterasu\\Documents\\reactApps\\Modsen Currency Tracker\\src\\utils\\functions\\convertDate.ts": {
    "path": "C:\\Users\\amaterasu\\Documents\\reactApps\\Modsen Currency Tracker\\src\\utils\\functions\\convertDate.ts",
    "statementMap": {
      "0": {
        "start": {
          "line": 1,
          "column": 27
        },
        "end": {
          "line": 10,
          "column": 1
        }
      },
      "1": {
        "start": {
          "line": 2,
          "column": 2
        },
        "end": {
          "line": 9,
          "column": 13
        }
      },
      "2": {
        "start": {
          "line": 5,
          "column": 6
        },
        "end": {
          "line": 5,
          "column": 37
        }
      },
      "3": {
        "start": {
          "line": 5,
          "column": 24
        },
        "end": {
          "line": 5,
          "column": 37
        }
      },
      "4": {
        "start": {
          "line": 6,
          "column": 6
        },
        "end": {
          "line": 6,
          "column": 33
        }
      },
      "5": {
        "start": {
          "line": 6,
          "column": 24
        },
        "end": {
          "line": 6,
          "column": 33
        }
      },
      "6": {
        "start": {
          "line": 7,
          "column": 6
        },
        "end": {
          "line": 7,
          "column": 17
        }
      }
    },
    "fnMap": {
      "0": {
        "name": "(anonymous_0)",
        "decl": {
          "start": {
            "line": 1,
            "column": 27
          },
          "end": {
            "line": 1,
            "column": 28
          }
        },
        "loc": {
          "start": {
            "line": 1,
            "column": 45
          },
          "end": {
            "line": 10,
            "column": 1
          }
        },
        "line": 1
      },
      "1": {
        "name": "(anonymous_1)",
        "decl": {
          "start": {
            "line": 4,
            "column": 9
          },
          "end": {
            "line": 4,
            "column": 10
          }
        },
        "loc": {
          "start": {
            "line": 4,
            "column": 19
          },
          "end": {
            "line": 8,
            "column": 5
          }
        },
        "line": 4
      }
    },
    "branchMap": {
      "0": {
        "loc": {
          "start": {
            "line": 5,
            "column": 6
          },
          "end": {
            "line": 5,
            "column": 37
          }
        },
        "type": "if",
        "locations": [
          {
            "start": {
              "line": 5,
              "column": 6
            },
            "end": {
              "line": 5,
              "column": 37
            }
          },
          {
            "start": {},
            "end": {}
          }
        ],
        "line": 5
      },
      "1": {
        "loc": {
          "start": {
            "line": 6,
            "column": 6
          },
          "end": {
            "line": 6,
            "column": 33
          }
        },
        "type": "if",
        "locations": [
          {
            "start": {
              "line": 6,
              "column": 6
            },
            "end": {
              "line": 6,
              "column": 33
            }
          },
          {
            "start": {},
            "end": {}
          }
        ],
        "line": 6
      }
    },
    "s": {
      "0": 4,
      "1": 7,
      "2": 60,
      "3": 3,
      "4": 57,
      "5": 3,
      "6": 54
    },
    "f": {
      "0": 7,
      "1": 60
    },
    "b": {
      "0": [
        3,
        57
      ],
      "1": [
        3,
        54
      ]
    },
    "_coverageSchema": "1a1c01bbd47fc00a2c39e90264f33305004495a9",
    "hash": "adafda8d2b0550e7f02fe2867a34eb7d1ab0faac"
  },
  "C:\\Users\\amaterasu\\Documents\\reactApps\\Modsen Currency Tracker\\src\\utils\\functions\\timeLineDataToChartData.ts": {
    "path": "C:\\Users\\amaterasu\\Documents\\reactApps\\Modsen Currency Tracker\\src\\utils\\functions\\timeLineDataToChartData.ts",
    "statementMap": {
      "0": {
        "start": {
          "line": 3,
          "column": 39
        },
        "end": {
          "line": 14,
          "column": 1
        }
      },
      "1": {
        "start": {
          "line": 6,
          "column": 2
        },
        "end": {
          "line": 13,
          "column": 5
        }
      },
      "2": {
        "start": {
          "line": 6,
          "column": 27
        },
        "end": {
          "line": 13,
          "column": 3
        }
      }
    },
    "fnMap": {
      "0": {
        "name": "(anonymous_0)",
        "decl": {
          "start": {
            "line": 3,
            "column": 39
          },
          "end": {
            "line": 3,
            "column": 40
          }
        },
        "loc": {
          "start": {
            "line": 5,
            "column": 24
          },
          "end": {
            "line": 14,
            "column": 1
          }
        },
        "line": 5
      },
      "1": {
        "name": "(anonymous_1)",
        "decl": {
          "start": {
            "line": 6,
            "column": 18
          },
          "end": {
            "line": 6,
            "column": 19
          }
        },
        "loc": {
          "start": {
            "line": 6,
            "column": 27
          },
          "end": {
            "line": 13,
            "column": 3
          }
        },
        "line": 6
      }
    },
    "branchMap": {},
    "s": {
      "0": 4,
      "1": 0,
      "2": 0
    },
    "f": {
      "0": 0,
      "1": 0
    },
    "b": {},
    "_coverageSchema": "1a1c01bbd47fc00a2c39e90264f33305004495a9",
    "hash": "8490e93cf5602d08253a55ed352d66c992555d70"
  },
  "C:\\Users\\amaterasu\\Documents\\reactApps\\Modsen Currency Tracker\\src\\utils\\functions\\getRandomChartData.ts": {
    "path": "C:\\Users\\amaterasu\\Documents\\reactApps\\Modsen Currency Tracker\\src\\utils\\functions\\getRandomChartData.ts",
    "statementMap": {
      "0": {
        "start": {
          "line": 4,
          "column": 31
        },
        "end": {
          "line": 5,
          "column": 51
        }
      },
      "1": {
        "start": {
          "line": 5,
          "column": 2
        },
        "end": {
          "line": 5,
          "column": 51
        }
      },
      "2": {
        "start": {
          "line": 7,
          "column": 34
        },
        "end": {
          "line": 35,
          "column": 1
        }
      },
      "3": {
        "start": {
          "line": 11,
          "column": 45
        },
        "end": {
          "line": 11,
          "column": 47
        }
      },
      "4": {
        "start": {
          "line": 12,
          "column": 22
        },
        "end": {
          "line": 12,
          "column": 32
        }
      },
      "5": {
        "start": {
          "line": 13,
          "column": 2
        },
        "end": {
          "line": 13,
          "column": 34
        }
      },
      "6": {
        "start": {
          "line": 15,
          "column": 22
        },
        "end": {
          "line": 15,
          "column": 54
        }
      },
      "7": {
        "start": {
          "line": 17,
          "column": 2
        },
        "end": {
          "line": 33,
          "column": 3
        }
      },
      "8": {
        "start": {
          "line": 17,
          "column": 15
        },
        "end": {
          "line": 17,
          "column": 16
        }
      },
      "9": {
        "start": {
          "line": 18,
          "column": 17
        },
        "end": {
          "line": 18,
          "column": 30
        }
      },
      "10": {
        "start": {
          "line": 19,
          "column": 18
        },
        "end": {
          "line": 19,
          "column": 50
        }
      },
      "11": {
        "start": {
          "line": 20,
          "column": 17
        },
        "end": {
          "line": 20,
          "column": 73
        }
      },
      "12": {
        "start": {
          "line": 21,
          "column": 16
        },
        "end": {
          "line": 21,
          "column": 73
        }
      },
      "13": {
        "start": {
          "line": 23,
          "column": 44
        },
        "end": {
          "line": 29,
          "column": 5
        }
      },
      "14": {
        "start": {
          "line": 30,
          "column": 4
        },
        "end": {
          "line": 30,
          "column": 30
        }
      },
      "15": {
        "start": {
          "line": 31,
          "column": 4
        },
        "end": {
          "line": 31,
          "column": 50
        }
      },
      "16": {
        "start": {
          "line": 32,
          "column": 4
        },
        "end": {
          "line": 32,
          "column": 25
        }
      },
      "17": {
        "start": {
          "line": 34,
          "column": 2
        },
        "end": {
          "line": 34,
          "column": 19
        }
      }
    },
    "fnMap": {
      "0": {
        "name": "(anonymous_0)",
        "decl": {
          "start": {
            "line": 4,
            "column": 31
          },
          "end": {
            "line": 4,
            "column": 32
          }
        },
        "loc": {
          "start": {
            "line": 5,
            "column": 2
          },
          "end": {
            "line": 5,
            "column": 51
          }
        },
        "line": 5
      },
      "1": {
        "name": "(anonymous_1)",
        "decl": {
          "start": {
            "line": 7,
            "column": 34
          },
          "end": {
            "line": 7,
            "column": 35
          }
        },
        "loc": {
          "start": {
            "line": 10,
            "column": 29
          },
          "end": {
            "line": 35,
            "column": 1
          }
        },
        "line": 10
      }
    },
    "branchMap": {},
    "s": {
      "0": 4,
      "1": 0,
      "2": 4,
      "3": 0,
      "4": 0,
      "5": 0,
      "6": 0,
      "7": 0,
      "8": 0,
      "9": 0,
      "10": 0,
      "11": 0,
      "12": 0,
      "13": 0,
      "14": 0,
      "15": 0,
      "16": 0,
      "17": 0
    },
    "f": {
      "0": 0,
      "1": 0
    },
    "b": {},
    "_coverageSchema": "1a1c01bbd47fc00a2c39e90264f33305004495a9",
    "hash": "17190cce294de60d401482356a21b4fff8bb1cc4"
  },
  "C:\\Users\\amaterasu\\Documents\\reactApps\\Modsen Currency Tracker\\src\\utils\\functions\\compareArrays.ts": {
    "path": "C:\\Users\\amaterasu\\Documents\\reactApps\\Modsen Currency Tracker\\src\\utils\\functions\\compareArrays.ts",
    "statementMap": {
      "0": {
        "start": {
          "line": 3,
          "column": 36
        },
        "end": {
          "line": 30,
          "column": 1
        }
      },
      "1": {
        "start": {
          "line": 7,
          "column": 2
        },
        "end": {
          "line": 9,
          "column": 3
        }
      },
      "2": {
        "start": {
          "line": 8,
          "column": 4
        },
        "end": {
          "line": 8,
          "column": 16
        }
      },
      "3": {
        "start": {
          "line": 11,
          "column": 25
        },
        "end": {
          "line": 22,
          "column": 3
        }
      },
      "4": {
        "start": {
          "line": 15,
          "column": 4
        },
        "end": {
          "line": 21,
          "column": 5
        }
      },
      "5": {
        "start": {
          "line": 24,
          "column": 2
        },
        "end": {
          "line": 28,
          "column": 3
        }
      },
      "6": {
        "start": {
          "line": 24,
          "column": 15
        },
        "end": {
          "line": 24,
          "column": 16
        }
      },
      "7": {
        "start": {
          "line": 25,
          "column": 4
        },
        "end": {
          "line": 27,
          "column": 5
        }
      },
      "8": {
        "start": {
          "line": 26,
          "column": 6
        },
        "end": {
          "line": 26,
          "column": 18
        }
      },
      "9": {
        "start": {
          "line": 29,
          "column": 2
        },
        "end": {
          "line": 29,
          "column": 13
        }
      }
    },
    "fnMap": {
      "0": {
        "name": "(anonymous_0)",
        "decl": {
          "start": {
            "line": 3,
            "column": 36
          },
          "end": {
            "line": 3,
            "column": 37
          }
        },
        "loc": {
          "start": {
            "line": 6,
            "column": 14
          },
          "end": {
            "line": 30,
            "column": 1
          }
        },
        "line": 6
      },
      "1": {
        "name": "(anonymous_1)",
        "decl": {
          "start": {
            "line": 11,
            "column": 25
          },
          "end": {
            "line": 11,
            "column": 26
          }
        },
        "loc": {
          "start": {
            "line": 14,
            "column": 16
          },
          "end": {
            "line": 22,
            "column": 3
          }
        },
        "line": 14
      }
    },
    "branchMap": {
      "0": {
        "loc": {
          "start": {
            "line": 7,
            "column": 2
          },
          "end": {
            "line": 9,
            "column": 3
          }
        },
        "type": "if",
        "locations": [
          {
            "start": {
              "line": 7,
              "column": 2
            },
            "end": {
              "line": 9,
              "column": 3
            }
          },
          {
            "start": {},
            "end": {}
          }
        ],
        "line": 7
      },
      "1": {
        "loc": {
          "start": {
            "line": 16,
            "column": 6
          },
          "end": {
            "line": 20,
            "column": 29
          }
        },
        "type": "binary-expr",
        "locations": [
          {
            "start": {
              "line": 16,
              "column": 6
            },
            "end": {
              "line": 16,
              "column": 29
            }
          },
          {
            "start": {
              "line": 17,
              "column": 6
            },
            "end": {
              "line": 17,
              "column": 29
            }
          },
          {
            "start": {
              "line": 18,
              "column": 6
            },
            "end": {
              "line": 18,
              "column": 31
            }
          },
          {
            "start": {
              "line": 19,
              "column": 6
            },
            "end": {
              "line": 19,
              "column": 27
            }
          },
          {
            "start": {
              "line": 20,
              "column": 6
            },
            "end": {
              "line": 20,
              "column": 29
            }
          }
        ],
        "line": 16
      },
      "2": {
        "loc": {
          "start": {
            "line": 25,
            "column": 4
          },
          "end": {
            "line": 27,
            "column": 5
          }
        },
        "type": "if",
        "locations": [
          {
            "start": {
              "line": 25,
              "column": 4
            },
            "end": {
              "line": 27,
              "column": 5
            }
          },
          {
            "start": {},
            "end": {}
          }
        ],
        "line": 25
      }
    },
    "s": {
      "0": 4,
      "1": 0,
      "2": 0,
      "3": 0,
      "4": 0,
      "5": 0,
      "6": 0,
      "7": 0,
      "8": 0,
      "9": 0
    },
    "f": {
      "0": 0,
      "1": 0
    },
    "b": {
      "0": [
        0,
        0
      ],
      "1": [
        0,
        0,
        0,
        0,
        0
      ],
      "2": [
        0,
        0
      ]
    },
    "_coverageSchema": "1a1c01bbd47fc00a2c39e90264f33305004495a9",
    "hash": "3167bcf56c72a378ea2cbc0165ca9fe88dd557ef"
  },
  "C:\\Users\\amaterasu\\Documents\\reactApps\\Modsen Currency Tracker\\src\\utils\\functions\\findBanks.ts": {
    "path": "C:\\Users\\amaterasu\\Documents\\reactApps\\Modsen Currency Tracker\\src\\utils\\functions\\findBanks.ts",
    "statementMap": {
      "0": {
        "start": {
          "line": 4,
          "column": 25
        },
        "end": {
          "line": 6,
          "column": 1
        }
      },
      "1": {
        "start": {
          "line": 5,
          "column": 2
        },
        "end": {
          "line": 5,
          "column": 67
        }
      },
      "2": {
        "start": {
          "line": 5,
          "column": 32
        },
        "end": {
          "line": 5,
          "column": 66
        }
      }
    },
    "fnMap": {
      "0": {
        "name": "(anonymous_0)",
        "decl": {
          "start": {
            "line": 4,
            "column": 25
          },
          "end": {
            "line": 4,
            "column": 26
          }
        },
        "loc": {
          "start": {
            "line": 4,
            "column": 75
          },
          "end": {
            "line": 6,
            "column": 1
          }
        },
        "line": 4
      },
      "1": {
        "name": "(anonymous_1)",
        "decl": {
          "start": {
            "line": 5,
            "column": 22
          },
          "end": {
            "line": 5,
            "column": 23
          }
        },
        "loc": {
          "start": {
            "line": 5,
            "column": 32
          },
          "end": {
            "line": 5,
            "column": 66
          }
        },
        "line": 5
      }
    },
    "branchMap": {
      "0": {
        "loc": {
          "start": {
            "line": 4,
            "column": 44
          },
          "end": {
            "line": 4,
            "column": 70
          }
        },
        "type": "default-arg",
        "locations": [
          {
            "start": {
              "line": 4,
              "column": 60
            },
            "end": {
              "line": 4,
              "column": 70
            }
          }
        ],
        "line": 4
      }
    },
    "s": {
      "0": 4,
      "1": 0,
      "2": 0
    },
    "f": {
      "0": 0,
      "1": 0
    },
    "b": {
      "0": [
        0
      ]
    },
    "_coverageSchema": "1a1c01bbd47fc00a2c39e90264f33305004495a9",
    "hash": "8b4cf3212df25a3276be7c8c3baa5a25ac64170e"
  },
  "C:\\Users\\amaterasu\\Documents\\reactApps\\Modsen Currency Tracker\\src\\utils\\functions\\index.ts": {
    "path": "C:\\Users\\amaterasu\\Documents\\reactApps\\Modsen Currency Tracker\\src\\utils\\functions\\index.ts",
    "statementMap": {},
    "fnMap": {},
    "branchMap": {},
    "s": {},
    "f": {},
    "b": {},
    "_coverageSchema": "1a1c01bbd47fc00a2c39e90264f33305004495a9",
    "hash": "9e584fca8477f3fafae17024eb4c78e77e4aef92"
  },
  "C:\\Users\\amaterasu\\Documents\\reactApps\\Modsen Currency Tracker\\src\\components\\Header\\UpdatedTime\\styled.ts": {
    "path": "C:\\Users\\amaterasu\\Documents\\reactApps\\Modsen Currency Tracker\\src\\components\\Header\\UpdatedTime\\styled.ts",
    "statementMap": {
      "0": {
        "start": {
          "line": 3,
          "column": 23
        },
        "end": {
          "line": 13,
          "column": 1
        }
      },
      "1": {
        "start": {
          "line": 15,
          "column": 19
        },
        "end": {
          "line": 15,
          "column": 21
        }
      },
      "2": {
        "start": {
          "line": 16,
          "column": 25
        },
        "end": {
          "line": 16,
          "column": 27
        }
      },
      "3": {
        "start": {
          "line": 18,
          "column": 24
        },
        "end": {
          "line": 18,
          "column": 34
        }
      },
      "4": {
        "start": {
          "line": 19,
          "column": 25
        },
        "end": {
          "line": 29,
          "column": 1
        }
      },
      "5": {
        "start": {
          "line": 22,
          "column": 19
        },
        "end": {
          "line": 28,
          "column": 3
        }
      },
      "6": {
        "start": {
          "line": 30,
          "column": 21
        },
        "end": {
          "line": 39,
          "column": 1
        }
      },
      "7": {
        "start": {
          "line": 33,
          "column": 37
        },
        "end": {
          "line": 33,
          "column": 62
        }
      },
      "8": {
        "start": {
          "line": 40,
          "column": 26
        },
        "end": {
          "line": 46,
          "column": 1
        }
      },
      "9": {
        "start": {
          "line": 43,
          "column": 37
        },
        "end": {
          "line": 43,
          "column": 61
        }
      }
    },
    "fnMap": {
      "0": {
        "name": "(anonymous_0)",
        "decl": {
          "start": {
            "line": 22,
            "column": 4
          },
          "end": {
            "line": 22,
            "column": 5
          }
        },
        "loc": {
          "start": {
            "line": 22,
            "column": 19
          },
          "end": {
            "line": 28,
            "column": 3
          }
        },
        "line": 22
      },
      "1": {
        "name": "(anonymous_1)",
        "decl": {
          "start": {
            "line": 33,
            "column": 22
          },
          "end": {
            "line": 33,
            "column": 23
          }
        },
        "loc": {
          "start": {
            "line": 33,
            "column": 37
          },
          "end": {
            "line": 33,
            "column": 62
          }
        },
        "line": 33
      },
      "2": {
        "name": "(anonymous_2)",
        "decl": {
          "start": {
            "line": 43,
            "column": 22
          },
          "end": {
            "line": 43,
            "column": 23
          }
        },
        "loc": {
          "start": {
            "line": 43,
            "column": 37
          },
          "end": {
            "line": 43,
            "column": 61
          }
        },
        "line": 43
      }
    },
    "branchMap": {},
    "s": {
      "0": 4,
      "1": 4,
      "2": 4,
      "3": 4,
      "4": 4,
      "5": 7,
      "6": 4,
      "7": 7,
      "8": 4,
      "9": 7
    },
    "f": {
      "0": 7,
      "1": 7,
      "2": 7
    },
    "b": {},
    "_coverageSchema": "1a1c01bbd47fc00a2c39e90264f33305004495a9",
    "hash": "1fae856f462008aa815496d1ee9963f99147a723"
  },
  "C:\\Users\\amaterasu\\Documents\\reactApps\\Modsen Currency Tracker\\src\\components\\Header\\UpdatedTime\\index.tsx": {
    "path": "C:\\Users\\amaterasu\\Documents\\reactApps\\Modsen Currency Tracker\\src\\components\\Header\\UpdatedTime\\index.tsx",
    "statementMap": {
      "0": {
        "start": {
          "line": 7,
          "column": 27
        },
        "end": {
          "line": 17,
          "column": 1
        }
      },
      "1": {
        "start": {
          "line": 8,
          "column": 15
        },
        "end": {
          "line": 8,
          "column": 57
        }
      },
      "2": {
        "start": {
          "line": 9,
          "column": 2
        },
        "end": {
          "line": 16,
          "column": 3
        }
      }
    },
    "fnMap": {
      "0": {
        "name": "(anonymous_0)",
        "decl": {
          "start": {
            "line": 7,
            "column": 27
          },
          "end": {
            "line": 7,
            "column": 28
          }
        },
        "loc": {
          "start": {
            "line": 7,
            "column": 33
          },
          "end": {
            "line": 17,
            "column": 1
          }
        },
        "line": 7
      }
    },
    "branchMap": {},
    "s": {
      "0": 4,
      "1": 7,
      "2": 7
    },
    "f": {
      "0": 7
    },
    "b": {},
    "_coverageSchema": "1a1c01bbd47fc00a2c39e90264f33305004495a9",
    "hash": "5baeeb99db4be290bb7de044a059b60d28f31090"
  },
  "C:\\Users\\amaterasu\\Documents\\reactApps\\Modsen Currency Tracker\\src\\components\\Header\\index.tsx": {
    "path": "C:\\Users\\amaterasu\\Documents\\reactApps\\Modsen Currency Tracker\\src\\components\\Header\\index.tsx",
    "statementMap": {
      "0": {
        "start": {
          "line": 9,
          "column": 22
        },
        "end": {
          "line": 21,
          "column": 1
        }
      },
      "1": {
        "start": {
          "line": 10,
          "column": 2
        },
        "end": {
          "line": 20,
          "column": 3
        }
      }
    },
    "fnMap": {
      "0": {
        "name": "(anonymous_0)",
        "decl": {
          "start": {
            "line": 9,
            "column": 22
          },
          "end": {
            "line": 9,
            "column": 23
          }
        },
        "loc": {
          "start": {
            "line": 9,
            "column": 28
          },
          "end": {
            "line": 21,
            "column": 1
          }
        },
        "line": 9
      }
    },
    "branchMap": {},
    "s": {
      "0": 4,
      "1": 4
    },
    "f": {
      "0": 4
    },
    "b": {},
    "_coverageSchema": "1a1c01bbd47fc00a2c39e90264f33305004495a9",
    "hash": "368ebe360b4d04b6be0f7434b61d9780ebf18ade"
  },
  "C:\\Users\\amaterasu\\Documents\\reactApps\\Modsen Currency Tracker\\src\\components\\MainLayout\\index.tsx": {
    "path": "C:\\Users\\amaterasu\\Documents\\reactApps\\Modsen Currency Tracker\\src\\components\\MainLayout\\index.tsx",
    "statementMap": {
      "0": {
        "start": {
          "line": 6,
          "column": 49
        },
        "end": {
          "line": 14,
          "column": 1
        }
      },
      "1": {
        "start": {
          "line": 7,
          "column": 2
        },
        "end": {
          "line": 13,
          "column": 3
        }
      }
    },
    "fnMap": {
      "0": {
        "name": "(anonymous_0)",
        "decl": {
          "start": {
            "line": 6,
            "column": 49
          },
          "end": {
            "line": 6,
            "column": 50
          }
        },
        "loc": {
          "start": {
            "line": 6,
            "column": 67
          },
          "end": {
            "line": 14,
            "column": 1
          }
        },
        "line": 6
      }
    },
    "branchMap": {},
    "s": {
      "0": 4,
      "1": 4
    },
    "f": {
      "0": 4
    },
    "b": {},
    "_coverageSchema": "1a1c01bbd47fc00a2c39e90264f33305004495a9",
    "hash": "1a17a0e50f84d68f926e51cdb7565590d239ca2d"
  },
  "C:\\Users\\amaterasu\\Documents\\reactApps\\Modsen Currency Tracker\\src\\components\\Map\\constants.ts": {
    "path": "C:\\Users\\amaterasu\\Documents\\reactApps\\Modsen Currency Tracker\\src\\components\\Map\\constants.ts",
    "statementMap": {
      "0": {
        "start": {
          "line": 1,
          "column": 22
        },
        "end": {
          "line": 1,
          "column": 32
        }
      },
      "1": {
        "start": {
          "line": 2,
          "column": 22
        },
        "end": {
          "line": 2,
          "column": 32
        }
      },
      "2": {
        "start": {
          "line": 3,
          "column": 20
        },
        "end": {
          "line": 3,
          "column": 21
        }
      }
    },
    "fnMap": {},
    "branchMap": {},
    "s": {
      "0": 4,
      "1": 4,
      "2": 4
    },
    "f": {},
    "b": {},
    "_coverageSchema": "1a1c01bbd47fc00a2c39e90264f33305004495a9",
    "hash": "259f1c48ec6fe880cc4cdb76bfe84f2485e9553e"
  },
  "C:\\Users\\amaterasu\\Documents\\reactApps\\Modsen Currency Tracker\\src\\components\\Map\\styled.ts": {
    "path": "C:\\Users\\amaterasu\\Documents\\reactApps\\Modsen Currency Tracker\\src\\components\\Map\\styled.ts",
    "statementMap": {
      "0": {
        "start": {
          "line": 3,
          "column": 19
        },
        "end": {
          "line": 3,
          "column": 22
        }
      },
      "1": {
        "start": {
          "line": 5,
          "column": 19
        },
        "end": {
          "line": 10,
          "column": 1
        }
      }
    },
    "fnMap": {},
    "branchMap": {},
    "s": {
      "0": 4,
      "1": 4
    },
    "f": {},
    "b": {},
    "_coverageSchema": "1a1c01bbd47fc00a2c39e90264f33305004495a9",
    "hash": "93a7981e40d98fa448bc507183535aed7b46f319"
  },
[...]
    "b": {
      "0": [
        0,
        0
      ]
    },
    "_coverageSchema": "1a1c01bbd47fc00a2c39e90264f33305004495a9",
    "hash": "22012f772c647ea88fdfa71f68209706300cf5f0"
  },
  "C:\\Users\\amaterasu\\Documents\\reactApps\\Modsen Currency Tracker\\src\\routes\\index.ts": {
    "path": "C:\\Users\\amaterasu\\Documents\\reactApps\\Modsen Currency Tracker\\src\\routes\\index.ts",
    "statementMap": {
      "0": {
        "start": {
          "line": 6,
          "column": 25
        },
        "end": {
          "line": 11,
          "column": 1
        }
      }
    },
    "fnMap": {},
    "branchMap": {},
    "s": {
      "0": 4
    },
    "f": {},
    "b": {},
    "_coverageSchema": "1a1c01bbd47fc00a2c39e90264f33305004495a9",
    "hash": "22eb08fecdcc5a794db40bcaf2e6585ce7486edc"
  },
  "C:\\Users\\amaterasu\\Documents\\reactApps\\Modsen Currency Tracker\\src\\components\\App\\index.tsx": {
    "path": "C:\\Users\\amaterasu\\Documents\\reactApps\\Modsen Currency Tracker\\src\\components\\App\\index.tsx",
    "statementMap": {
      "0": {
        "start": {
          "line": 7,
          "column": 23
        },
        "end": {
          "line": 17,
          "column": 1
        }
      },
      "1": {
        "start": {
          "line": 8,
          "column": 2
        },
        "end": {
          "line": 16,
          "column": 3
        }
      },
      "2": {
        "start": {
          "line": 12,
          "column": 10
        },
        "end": {
          "line": 12,
          "column": 61
        }
      }
    },
    "fnMap": {
      "0": {
        "name": "(anonymous_0)",
        "decl": {
          "start": {
            "line": 7,
            "column": 23
          },
          "end": {
            "line": 7,
            "column": 24
          }
        },
        "loc": {
          "start": {
            "line": 7,
            "column": 29
          },
          "end": {
            "line": 17,
            "column": 1
          }
        },
        "line": 7
      },
      "1": {
        "name": "(anonymous_1)",
        "decl": {
          "start": {
            "line": 11,
            "column": 23
          },
          "end": {
            "line": 11,
            "column": 24
          }
        },
        "loc": {
          "start": {
            "line": 12,
            "column": 10
          },
          "end": {
            "line": 12,
            "column": 61
          }
        },
        "line": 12
      }
    },
    "branchMap": {},
    "s": {
      "0": 4,
      "1": 4,
      "2": 16
    },
    "f": {
      "0": 4,
      "1": 16
    },
    "b": {},
    "_coverageSchema": "1a1c01bbd47fc00a2c39e90264f33305004495a9",
    "hash": "c6b608f7fe561200d09d11b175f5799e43da75a6"
  },
  "C:\\Users\\amaterasu\\Documents\\reactApps\\Modsen Currency Tracker\\src\\theme\\globalStyle.ts": {
    "path": "C:\\Users\\amaterasu\\Documents\\reactApps\\Modsen Currency Tracker\\src\\theme\\globalStyle.ts",
    "statementMap": {
      "0": {
        "start": {
          "line": 3,
          "column": 28
        },
        "end": {
          "line": 43,
          "column": 1
        }
      },
      "1": {
        "start": {
          "line": 15,
          "column": 32
        },
        "end": {
          "line": 15,
          "column": 44
        }
      },
      "2": {
        "start": {
          "line": 18,
          "column": 32
        },
        "end": {
          "line": 18,
          "column": 47
        }
      },
      "3": {
        "start": {
          "line": 27,
          "column": 42
        },
        "end": {
          "line": 27,
          "column": 52
        }
      },
      "4": {
        "start": {
          "line": 32,
          "column": 31
        },
        "end": {
          "line": 32,
          "column": 46
        }
      }
    },
    "fnMap": {
      "0": {
        "name": "(anonymous_0)",
        "decl": {
          "start": {
            "line": 15,
            "column": 17
          },
          "end": {
            "line": 15,
            "column": 18
          }
        },
        "loc": {
          "start": {
            "line": 15,
            "column": 32
          },
          "end": {
            "line": 15,
            "column": 44
          }
        },
        "line": 15
      },
      "1": {
        "name": "(anonymous_1)",
        "decl": {
          "start": {
            "line": 18,
            "column": 17
          },
          "end": {
            "line": 18,
            "column": 18
          }
        },
        "loc": {
          "start": {
            "line": 18,
            "column": 32
          },
          "end": {
            "line": 18,
            "column": 47
          }
        },
        "line": 18
      },
      "2": {
        "name": "(anonymous_2)",
        "decl": {
          "start": {
            "line": 27,
            "column": 27
          },
          "end": {
            "line": 27,
            "column": 28
          }
        },
        "loc": {
          "start": {
            "line": 27,
            "column": 42
          },
          "end": {
            "line": 27,
            "column": 52
          }
        },
        "line": 27
      },
      "3": {
        "name": "(anonymous_3)",
        "decl": {
          "start": {
            "line": 32,
            "column": 16
          },
          "end": {
            "line": 32,
            "column": 17
          }
        },
        "loc": {
          "start": {
            "line": 32,
            "column": 31
          },
          "end": {
            "line": 32,
            "column": 46
          }
        },
        "line": 32
      }
    },
    "branchMap": {},
    "s": {
      "0": 4,
      "1": 4,
      "2": 4,
      "3": 4,
      "4": 4
    },
    "f": {
      "0": 4,
      "1": 4,
      "2": 4,
      "3": 4
    },
    "b": {},
    "_coverageSchema": "1a1c01bbd47fc00a2c39e90264f33305004495a9",
    "hash": "3ca520703b0ed8efc3df368c5cc014d5c841d417"
  },
  "C:\\Users\\amaterasu\\Documents\\reactApps\\Modsen Currency Tracker\\src\\theme\\commonTheme.ts": {
    "path": "C:\\Users\\amaterasu\\Documents\\reactApps\\Modsen Currency Tracker\\src\\theme\\commonTheme.ts",
    "statementMap": {
      "0": {
        "start": {
          "line": 1,
          "column": 18
        },
        "end": {
          "line": 1,
          "column": 74
        }
      },
      "1": {
        "start": {
          "line": 2,
          "column": 20
        },
        "end": {
          "line": 2,
          "column": 70
        }
      },
      "2": {
        "start": {
          "line": 3,
          "column": 20
        },
        "end": {
          "line": 3,
          "column": 40
        }
      },
      "3": {
        "start": {
          "line": 5,
          "column": 15
        },
        "end": {
          "line": 23,
          "column": 1
        }
      },
      "4": {
        "start": {
          "line": 25,
          "column": 13
        },
        "end": {
          "line": 25,
          "column": 34
        }
      },
      "5": {
        "start": {
          "line": 26,
          "column": 14
        },
        "end": {
          "line": 26,
          "column": 28
        }
      },
      "6": {
        "start": {
          "line": 27,
          "column": 15
        },
        "end": {
          "line": 27,
          "column": 21
        }
      },
      "7": {
        "start": {
          "line": 28,
          "column": 17
        },
        "end": {
          "line": 28,
          "column": 20
        }
      },
      "8": {
        "start": {
          "line": 30,
          "column": 13
        },
        "end": {
          "line": 30,
          "column": 44
        }
      },
      "9": {
        "start": {
          "line": 31,
          "column": 17
        },
        "end": {
          "line": 31,
          "column": 46
        }
      },
      "10": {
        "start": {
          "line": 32,
          "column": 16
        },
        "end": {
          "line": 32,
          "column": 65
        }
      },
      "11": {
        "start": {
          "line": 33,
          "column": 20
        },
        "end": {
          "line": 33,
          "column": 22
        }
      },
      "12": {
        "start": {
          "line": 35,
          "column": 27
        },
        "end": {
          "line": 48,
          "column": 1
        }
      }
    },
    "fnMap": {},
    "branchMap": {},
    "s": {
      "0": 4,
      "1": 4,
      "2": 4,
      "3": 4,
      "4": 4,
      "5": 4,
      "6": 4,
      "7": 4,
      "8": 4,
      "9": 4,
      "10": 4,
      "11": 4,
      "12": 4
    },
    "f": {},
    "b": {},
    "_coverageSchema": "1a1c01bbd47fc00a2c39e90264f33305004495a9",
    "hash": "0e1c560b5fa6c3a77593941ef56e9dcd027faa3c"
  },
  "C:\\Users\\amaterasu\\Documents\\reactApps\\Modsen Currency Tracker\\src\\theme\\darkTheme.ts": {
    "path": "C:\\Users\\amaterasu\\Documents\\reactApps\\Modsen Currency Tracker\\src\\theme\\darkTheme.ts",
    "statementMap": {
      "0": {
        "start": {
          "line": 3,
          "column": 24
        },
        "end": {
          "line": 13,
          "column": 1
        }
      },
      "1": {
        "start": {
          "line": 14,
          "column": 25
        },
        "end": {
          "line": 21,
          "column": 1
        }
      }
    },
    "fnMap": {},
    "branchMap": {},
    "s": {
      "0": 4,
      "1": 4
    },
    "f": {},
    "b": {},
    "_coverageSchema": "1a1c01bbd47fc00a2c39e90264f33305004495a9",
    "hash": "ad3e2f9ed03d3d807cfa5ad7e21cfc4f2552211f"
  },
  "C:\\Users\\amaterasu\\Documents\\reactApps\\Modsen Currency Tracker\\src\\theme\\lightTheme.ts": {
    "path": "C:\\Users\\amaterasu\\Documents\\reactApps\\Modsen Currency Tracker\\src\\theme\\lightTheme.ts",
    "statementMap": {
      "0": {
        "start": {
          "line": 3,
          "column": 25
        },
        "end": {
          "line": 12,
          "column": 1
        }
      },
      "1": {
        "start": {
          "line": 14,
          "column": 26
        },
        "end": {
          "line": 21,
          "column": 1
        }
      }
    },
    "fnMap": {},
    "branchMap": {},
    "s": {
      "0": 4,
      "1": 4
    },
    "f": {},
    "b": {},
    "_coverageSchema": "1a1c01bbd47fc00a2c39e90264f33305004495a9",
    "hash": "9e866cb4ffa2ddc7e4c010037557db70da8520af"
  },
  "C:\\Users\\amaterasu\\Documents\\reactApps\\Modsen Currency Tracker\\src\\theme\\index.ts": {
    "path": "C:\\Users\\amaterasu\\Documents\\reactApps\\Modsen Currency Tracker\\src\\theme\\index.ts",
    "statementMap": {},
    "fnMap": {},
    "branchMap": {},
    "s": {},
    "f": {},
    "b": {},
    "_coverageSchema": "1a1c01bbd47fc00a2c39e90264f33305004495a9",
    "hash": "8d7d724d8525f387e551bc05c1f7802cb87bdf2b"
  },
  "C:\\Users\\amaterasu\\Documents\\reactApps\\Modsen Currency Tracker\\src\\store\\slices\\currencySlice.ts": {
    "path": "C:\\Users\\amaterasu\\Documents\\reactApps\\Modsen Currency Tracker\\src\\store\\slices\\currencySlice.ts",
    "statementMap": {
      "0": {
        "start": {
          "line": 10,
          "column": 43
        },
        "end": {
          "line": 15,
          "column": 1
        }
      },
      "1": {
        "start": {
          "line": 17,
          "column": 22
        },
        "end": {
          "line": 47,
          "column": 2
        }
      },
      "2": {
        "start": {
          "line": 22,
          "column": 4
        },
        "end": {
          "line": 45,
          "column": 8
        }
      },
      "3": {
        "start": {
          "line": 24,
          "column": 8
        },
        "end": {
          "line": 24,
          "column": 25
        }
      },
      "4": {
        "start": {
          "line": 29,
          "column": 10
        },
        "end": {
          "line": 29,
          "column": 57
        }
      },
      "5": {
        "start": {
          "line": 30,
          "column": 10
        },
        "end": {
          "line": 30,
          "column": 51
        }
      },
      "6": {
        "start": {
          "line": 31,
          "column": 10
        },
        "end": {
          "line": 31,
          "column": 31
        }
      },
      "7": {
        "start": {
          "line": 37,
          "column": 10
        },
        "end": {
          "line": 40,
          "column": 11
        }
      },
      "8": {
        "start": {
          "line": 44,
          "column": 8
        },
        "end": {
          "line": 44,
          "column": 31
        }
      }
    },
    "fnMap": {
      "0": {
        "name": "(anonymous_0)",
        "decl": {
          "start": {
            "line": 21,
            "column": 17
          },
          "end": {
            "line": 21,
            "column": 18
          }
        },
        "loc": {
          "start": {
            "line": 21,
            "column": 30
          },
          "end": {
            "line": 46,
            "column": 3
          }
        },
        "line": 21
      },
      "1": {
        "name": "(anonymous_1)",
        "decl": {
          "start": {
            "line": 23,
            "column": 40
          },
          "end": {
            "line": 23,
            "column": 41
          }
        },
        "loc": {
          "start": {
            "line": 23,
            "column": 51
          },
          "end": {
            "line": 25,
            "column": 7
          }
        },
        "line": 23
      },
      "2": {
        "name": "(anonymous_2)",
        "decl": {
          "start": {
            "line": 28,
            "column": 8
          },
          "end": {
            "line": 28,
            "column": 9
          }
        },
        "loc": {
          "start": {
            "line": 28,
            "column": 70
          },
          "end": {
            "line": 32,
            "column": 9
          }
        },
        "line": 28
      },
      "3": {
        "name": "(anonymous_3)",
        "decl": {
          "start": {
            "line": 36,
            "column": 8
          },
          "end": {
            "line": 36,
            "column": 9
          }
        },
        "loc": {
          "start": {
            "line": 36,
            "column": 74
          },
          "end": {
            "line": 41,
            "column": 9
          }
        },
        "line": 36
      },
      "4": {
        "name": "(anonymous_4)",
        "decl": {
          "start": {
            "line": 43,
            "column": 41
          },
          "end": {
            "line": 43,
            "column": 42
          }
        },
        "loc": {
          "start": {
            "line": 43,
            "column": 52
          },
          "end": {
            "line": 45,
            "column": 7
          }
        },
        "line": 43
      }
    },
    "branchMap": {},
    "s": {
      "0": 4,
      "1": 4,
      "2": 4,
      "3": 4,
      "4": 3,
      "5": 3,
      "6": 3,
      "7": 4,
      "8": 0
    },
    "f": {
      "0": 4,
      "1": 4,
      "2": 3,
      "3": 4,
      "4": 0
    },
    "b": {},
    "_coverageSchema": "1a1c01bbd47fc00a2c39e90264f33305004495a9",
    "hash": "cd5bd0e066ce6ff743baf99d841f76477c3856ab"
  },
  "C:\\Users\\amaterasu\\Documents\\reactApps\\Modsen Currency Tracker\\src\\store\\slices\\index.ts": {
    "path": "C:\\Users\\amaterasu\\Documents\\reactApps\\Modsen Currency Tracker\\src\\store\\slices\\index.ts",
    "statementMap": {
      "0": {
        "start": {
          "line": 6,
          "column": 27
        },
        "end": {
          "line": 9,
          "column": 2
        }
      }
    },
    "fnMap": {},
    "branchMap": {},
    "s": {
      "0": 4
    },
    "f": {},
    "b": {},
    "_coverageSchema": "1a1c01bbd47fc00a2c39e90264f33305004495a9",
    "hash": "32e9d43e4d2a29a04d10bc4b913ec4bcf34e52f8"
  },
  "C:\\Users\\amaterasu\\Documents\\reactApps\\Modsen Currency Tracker\\src\\store\\persist.config.ts": {
    "path": "C:\\Users\\amaterasu\\Documents\\reactApps\\Modsen Currency Tracker\\src\\store\\persist.config.ts",
    "statementMap": {
      "0": {
        "start": {
          "line": 6,
          "column": 22
        },
        "end": {
          "line": 9,
          "column": 1
        }
      },
      "1": {
        "start": {
          "line": 10,
          "column": 32
        },
        "end": {
          "line": 10,
          "column": 74
        }
      }
    },
    "fnMap": {},
    "branchMap": {},
    "s": {
      "0": 4,
      "1": 4
    },
    "f": {},
    "b": {},
    "_coverageSchema": "1a1c01bbd47fc00a2c39e90264f33305004495a9",
    "hash": "fa73c44fa8111b1121d9196ac384c97327edb0c0"
  },
  "C:\\Users\\amaterasu\\Documents\\reactApps\\Modsen Currency Tracker\\src\\store\\index.ts": {
    "path": "C:\\Users\\amaterasu\\Documents\\reactApps\\Modsen Currency Tracker\\src\\store\\index.ts",
    "statementMap": {
      "0": {
        "start": {
          "line": 7,
          "column": 21
        },
        "end": {
          "line": 9,
          "column": 2
        }
      },
      "1": {
        "start": {
          "line": 10,
          "column": 25
        },
        "end": {
          "line": 10,
          "column": 44
        }
      }
    },
    "fnMap": {},
    "branchMap": {},
    "s": {
      "0": 4,
      "1": 4
    },
    "f": {},
    "b": {},
    "_coverageSchema": "1a1c01bbd47fc00a2c39e90264f33305004495a9",
    "hash": "7988fbd47c75f16e16c49e362ce9230cd635b098"
  },
  "C:\\Users\\amaterasu\\Documents\\reactApps\\Modsen Currency Tracker\\src\\index.tsx": {
    "path": "C:\\Users\\amaterasu\\Documents\\reactApps\\Modsen Currency Tracker\\src\\index.tsx",
    "statementMap": {
      "0": {
        "start": {
          "line": 14,
          "column": 22
        },
        "end": {
          "line": 22,
          "column": 1
        }
      },
      "1": {
        "start": {
          "line": 15,
          "column": 16
        },
        "end": {
          "line": 15,
          "column": 47
        }
      },
      "2": {
        "start": {
          "line": 16,
          "column": 2
        },
        "end": {
          "line": 21,
          "column": 3
        }
      },
      "3": {
        "start": {
          "line": 24,
          "column": 0
        },
        "end": {
          "line": 32,
          "column": 1
        }
      }
    },
    "fnMap": {
      "0": {
        "name": "(anonymous_0)",
        "decl": {
          "start": {
            "line": 14,
            "column": 22
          },
          "end": {
            "line": 14,
            "column": 23
          }
        },
        "loc": {
          "start": {
            "line": 14,
            "column": 28
          },
          "end": {
            "line": 22,
            "column": 1
          }
        },
        "line": 14
      }
    },
    "branchMap": {
      "0": {
        "loc": {
          "start": {
            "line": 17,
            "column": 26
          },
          "end": {
            "line": 17,
            "column": 66
          }
        },
        "type": "cond-expr",
        "locations": [
          {
            "start": {
              "line": 17,
              "column": 44
            },
            "end": {
              "line": 17,
              "column": 54
            }
          },
          {
            "start": {
              "line": 17,
              "column": 57
            },
            "end": {
              "line": 17,
              "column": 66
            }
          }
        ],
        "line": 17
      }
    },
    "s": {
      "0": 4,
      "1": 4,
      "2": 4,
      "3": 4
    },
    "f": {
      "0": 4
    },
    "b": {
      "0": [
        0,
        4
      ]
    },
    "_coverageSchema": "1a1c01bbd47fc00a2c39e90264f33305004495a9",
    "hash": "7ccdf06ae110fee07c92a1c08d3251ad231e6b7a"
  }
}